<?xml version="1.0" encoding="UTF-8"?>
<!-- Generated by org.testng.reporters.JUnitReportReporter -->
<testsuite hostname="DESKTOP-3EH4CFI" failures="0" tests="3" name="com.tutorialsninja.qa.testcases.SearchTest" time="18.700" errors="0" timestamp="22 Sep 2023 10:02:28 GMT">
  <testcase classname="com.tutorialsninja.qa.testcases.SearchTest" name="verifySearchWithoutAnyProduct" time="5.622"/>
  <testcase classname="com.tutorialsninja.qa.testcases.SearchTest" name="verifySearchWithInvalidProduct" time="6.816"/>
  <testcase classname="com.tutorialsninja.qa.testcases.SearchTest" name="verifySearchWithValidProduct" time="6.262"/>
</testsuite> <!-- com.tutorialsninja.qa.testcases.SearchTest -->
