<?xml version="1.0" encoding="UTF-8"?>
<!-- Generated by org.testng.reporters.JUnitReportReporter -->
<testsuite hostname="DESKTOP-3EH4CFI" failures="0" tests="1" name="com.tutorialsninja.qa.testcases.RegisterTest" time="14.524" errors="0" timestamp="22 Sep 2023 14:44:52 GMT">
  <testcase classname="com.tutorialsninja.qa.testcases.RegisterTest" name="verifyRegisteringAccountWithoutFillingAnyDetails" time="14.524"/>
</testsuite> <!-- com.tutorialsninja.qa.testcases.RegisterTest -->
