<?xml version="1.0" encoding="UTF-8"?>
<!-- Generated by org.testng.reporters.JUnitReportReporter -->
<testsuite hostname="DESKTOP-3EH4CFI" failures="0" tests="4" name="com.tutorialsninja.qa.testcases.LoginTest" time="58.185" errors="0" timestamp="6 Oct 2023 07:46:06 GMT">
  <testcase classname="com.tutorialsninja.qa.testcases.LoginTest" name="verifyLoginWithValidEmailAndInvalidPassword" time="13.907"/>
  <testcase classname="com.tutorialsninja.qa.testcases.LoginTest" name="verifyLoginWithoutProvidingCredentials" time="16.579"/>
  <testcase classname="com.tutorialsninja.qa.testcases.LoginTest" name="verifyLoginWithInvalidEmailAndValidPassword" time="10.474"/>
  <testcase classname="com.tutorialsninja.qa.testcases.LoginTest" name="verifyLoginWithInvalidCredentials" time="17.225"/>
</testsuite> <!-- com.tutorialsninja.qa.testcases.LoginTest -->
