<?xml version="1.0" encoding="UTF-8"?>
<!-- Generated by org.testng.reporters.JUnitReportReporter -->
<testsuite hostname="DESKTOP-3EH4CFI" failures="0" tests="3" name="com.tutorialsninja.qa.testcases.SearchTest" time="38.937" errors="0" timestamp="22 Sep 2023 14:50:34 GMT">
  <testcase classname="com.tutorialsninja.qa.testcases.SearchTest" name="verifySearchWithoutAnyProduct" time="14.680"/>
  <testcase classname="com.tutorialsninja.qa.testcases.SearchTest" name="verifySearchWithValidProduct" time="13.398"/>
  <testcase classname="com.tutorialsninja.qa.testcases.SearchTest" name="verifySearchWithInvalidProduct" time="10.859"/>
</testsuite> <!-- com.tutorialsninja.qa.testcases.SearchTest -->
